Scenario calculated at 2023-07-10 20:11:50 GMT
Project name: july6
Run name: july6
Run number: 000000
Velocity model: mojave.mod
No. of KL modes: 72
Hurst exponent: 0.4
Corr. length used Lstrike: 19.63 km
Corr. length used Ldip: 14.00 km
Slip std. dev.: 0.900 km
Maximum length Lmax: 6.69 km
Maximum width Wmax: 21.17 km
Effective length Leff: 5.68 km
Effective width Weff: 17.99 km
Target magnitude: Mw 7.5000
Actual magnitude: Mw 7.2110
Hypocenter (lon,lat,z[km]): (-117.628455,35.801210,6.14)
Hypocenter time: 2019-07-06T03:19:53.040000Z
Centroid (lon,lat,z[km]): (-117.651523,35.816574,11.30)
Source time function type: dreger
Average Risetime (s): 2.88
Average Rupture Velocity (km/s): 1.09